<?xml version="1.0" encoding="UTF-8"?>
<!-- Generated by org.testng.reporters.JUnitXMLReporter -->
<testsuite ignored="0" hostname="DESKTOP-JOQNLEJ" failures="1" tests="1" name="Default test(failed)" time="12.832" errors="0" timestamp="2024-05-15T12:59:29 IST">
  <testcase classname="practise.testng.ListenersClass" name="InvoiceTest" time="0.033">
    <failure type="java.lang.AssertionError" message="expected [true] but found [false]">
      <![CDATA[java.lang.AssertionError: expected [true] but found [false]
at practise.testng.ListenersClass.InvoiceTest(ListenersClass.java:20)
at java.base/java.util.ArrayList.forEach(ArrayList.java:1511)
... Removed 31 stack frames]]>
    </failure>
  </testcase> <!-- InvoiceTest -->
</testsuite> <!-- Default test(failed) -->
