<?xml version="1.0" encoding="UTF-8"?>
<testng-results ignored="10" total="17" passed="7" failed="0" skipped="0">
  <reporter-output>
  </reporter-output>
  <suite started-at="2024-05-19T13:35:04 IST" name="Suite" finished-at="2024-05-19T13:38:24 IST" duration-ms="199964">
    <groups>
      <group name="regression">
        <method signature="ToCreateContactTest.createContact()[pri:0, instance:com.Vtiger.ContactTest.ToCreateContactTest@35dab4eb]" name="createContact" class="com.Vtiger.ContactTest.ToCreateContactTest"/>
        <method signature="ToCreateOrgTest.CreateOrgTest()[pri:0, instance:com.Vtiger.OrgTest.ToCreateOrgTest@548a24a]" name="CreateOrgTest" class="com.Vtiger.OrgTest.ToCreateOrgTest"/>
        <method signature="ToDeleteOrgTest.DeleteOrgTest()[pri:0, instance:com.Vtiger.OrgTest.ToDeleteOrgTest@2a693f59]" name="DeleteOrgTest" class="com.Vtiger.OrgTest.ToDeleteOrgTest"/>
      </group> <!-- regression -->
      <group name="smoke">
        <method signature="CreateContactWithOrgTest.createContactWithOrgTest()[pri:0, instance:com.Vtiger.ContactTest.CreateContactWithOrgTest@606e4010]" name="createContactWithOrgTest" class="com.Vtiger.ContactTest.CreateContactWithOrgTest"/>
        <method signature="CreateContactWithSupportDateTest.createContactWithSupportDateTest()[pri:0, instance:com.Vtiger.ContactTest.CreateContactWithSupportDateTest@18271936]" name="createContactWithSupportDateTest" class="com.Vtiger.ContactTest.CreateContactWithSupportDateTest"/>
        <method signature="ToCreateContactTest.createContact()[pri:0, instance:com.Vtiger.ContactTest.ToCreateContactTest@35dab4eb]" name="createContact" class="com.Vtiger.ContactTest.ToCreateContactTest"/>
        <method signature="CreateOrgWithIndustryAndTypeDropdownTest.orgWithIndustryAndTypeDropdown()[pri:0, instance:com.Vtiger.OrgTest.CreateOrgWithIndustryAndTypeDropdownTest@6f10d5b6]" name="orgWithIndustryAndTypeDropdown" class="com.Vtiger.OrgTest.CreateOrgWithIndustryAndTypeDropdownTest"/>
        <method signature="CreateOrgWithPhonenumberTest.createOrgWithPhoneNumber()[pri:0, instance:com.Vtiger.OrgTest.CreateOrgWithPhonenumberTest@433defed]" name="createOrgWithPhoneNumber" class="com.Vtiger.OrgTest.CreateOrgWithPhonenumberTest"/>
      </group> <!-- smoke -->
    </groups>
    <test started-at="2024-05-19T13:35:04 IST" name="ChromeTest" finished-at="2024-05-19T13:38:02 IST" duration-ms="178201">
      <class name="com.Vtiger.ContactTest.CreateContactWithSupportDateTest">
        <test-method is-config="true" signature="createBCmethod(java.lang.String)[pri:0, instance:com.Vtiger.ContactTest.CreateContactWithSupportDateTest@18271936]" started-at="2024-05-19T13:35:53 IST" name="createBCmethod" finished-at="2024-05-19T13:35:56 IST" duration-ms="2896" status="PASS">
          <params>
            <param index="0">
              <value>
                <![CDATA[chrome]]>
              </value>
            </param>
          </params>
          <reporter-output>
          </reporter-output>
        </test-method> <!-- createBCmethod -->
        <test-method is-config="true" signature="createBMmethod()[pri:0, instance:com.Vtiger.ContactTest.CreateContactWithSupportDateTest@18271936]" started-at="2024-05-19T13:35:56 IST" name="createBMmethod" finished-at="2024-05-19T13:36:06 IST" duration-ms="10028" status="PASS">
          <reporter-output>
          </reporter-output>
        </test-method> <!-- createBMmethod -->
        <test-method signature="createContactWithSupportDateTest()[pri:0, instance:com.Vtiger.ContactTest.CreateContactWithSupportDateTest@18271936]" started-at="2024-05-19T13:36:06 IST" name="createContactWithSupportDateTest" finished-at="2024-05-19T13:36:39 IST" duration-ms="32465" status="PASS">
          <reporter-output>
          </reporter-output>
        </test-method> <!-- createContactWithSupportDateTest -->
        <test-method is-config="true" signature="createAMmethod()[pri:0, instance:com.Vtiger.ContactTest.CreateContactWithSupportDateTest@18271936]" started-at="2024-05-19T13:36:39 IST" name="createAMmethod" finished-at="2024-05-19T13:36:42 IST" duration-ms="3497" status="PASS">
          <reporter-output>
          </reporter-output>
        </test-method> <!-- createAMmethod -->
        <test-method is-config="true" signature="createACmethod()[pri:0, instance:com.Vtiger.ContactTest.CreateContactWithSupportDateTest@18271936]" started-at="2024-05-19T13:36:42 IST" name="createACmethod" finished-at="2024-05-19T13:36:43 IST" duration-ms="506" status="PASS">
          <reporter-output>
          </reporter-output>
        </test-method> <!-- createACmethod -->
      </class> <!-- com.Vtiger.ContactTest.CreateContactWithSupportDateTest -->
      <class name="com.Vtiger.ContactTest.CreateContactWithOrgTest">
        <test-method is-config="true" signature="createBCmethod(java.lang.String)[pri:0, instance:com.Vtiger.ContactTest.CreateContactWithOrgTest@606e4010]" started-at="2024-05-19T13:36:43 IST" name="createBCmethod" finished-at="2024-05-19T13:36:47 IST" duration-ms="4044" status="PASS">
          <params>
            <param index="0">
              <value>
                <![CDATA[chrome]]>
              </value>
            </param>
          </params>
          <reporter-output>
          </reporter-output>
        </test-method> <!-- createBCmethod -->
        <test-method is-config="true" signature="createBMmethod()[pri:0, instance:com.Vtiger.ContactTest.CreateContactWithOrgTest@606e4010]" started-at="2024-05-19T13:36:47 IST" name="createBMmethod" finished-at="2024-05-19T13:36:58 IST" duration-ms="10825" status="PASS">
          <reporter-output>
          </reporter-output>
        </test-method> <!-- createBMmethod -->
        <test-method signature="createContactWithOrgTest()[pri:0, instance:com.Vtiger.ContactTest.CreateContactWithOrgTest@606e4010]" started-at="2024-05-19T13:36:58 IST" name="createContactWithOrgTest" finished-at="2024-05-19T13:37:58 IST" duration-ms="59967" status="PASS">
          <reporter-output>
          </reporter-output>
        </test-method> <!-- createContactWithOrgTest -->
        <test-method is-config="true" signature="createAMmethod()[pri:0, instance:com.Vtiger.ContactTest.CreateContactWithOrgTest@606e4010]" started-at="2024-05-19T13:37:58 IST" name="createAMmethod" finished-at="2024-05-19T13:38:02 IST" duration-ms="3939" status="PASS">
          <reporter-output>
          </reporter-output>
        </test-method> <!-- createAMmethod -->
        <test-method is-config="true" signature="createACmethod()[pri:0, instance:com.Vtiger.ContactTest.CreateContactWithOrgTest@606e4010]" started-at="2024-05-19T13:38:02 IST" name="createACmethod" finished-at="2024-05-19T13:38:02 IST" duration-ms="622" status="PASS">
          <reporter-output>
          </reporter-output>
        </test-method> <!-- createACmethod -->
      </class> <!-- com.Vtiger.ContactTest.CreateContactWithOrgTest -->
      <class name="com.Vtiger.ContactTest.ToCreateContactTest">
        <test-method is-config="true" signature="createBCmethod(java.lang.String)[pri:0, instance:com.Vtiger.ContactTest.ToCreateContactTest@35dab4eb]" started-at="2024-05-19T13:35:04 IST" name="createBCmethod" finished-at="2024-05-19T13:35:11 IST" duration-ms="7069" status="PASS">
          <params>
            <param index="0">
              <value>
                <![CDATA[chrome]]>
              </value>
            </param>
          </params>
          <reporter-output>
          </reporter-output>
        </test-method> <!-- createBCmethod -->
        <test-method is-config="true" signature="createBMmethod()[pri:0, instance:com.Vtiger.ContactTest.ToCreateContactTest@35dab4eb]" started-at="2024-05-19T13:35:11 IST" name="createBMmethod" finished-at="2024-05-19T13:35:20 IST" duration-ms="8695" status="PASS">
          <reporter-output>
          </reporter-output>
        </test-method> <!-- createBMmethod -->
        <test-method signature="createContact()[pri:0, instance:com.Vtiger.ContactTest.ToCreateContactTest@35dab4eb]" started-at="2024-05-19T13:35:20 IST" name="createContact" finished-at="2024-05-19T13:35:49 IST" duration-ms="29514" status="PASS">
          <reporter-output>
          </reporter-output>
        </test-method> <!-- createContact -->
        <test-method is-config="true" signature="createAMmethod()[pri:0, instance:com.Vtiger.ContactTest.ToCreateContactTest@35dab4eb]" started-at="2024-05-19T13:35:49 IST" name="createAMmethod" finished-at="2024-05-19T13:35:53 IST" duration-ms="3458" status="PASS">
          <reporter-output>
          </reporter-output>
        </test-method> <!-- createAMmethod -->
        <test-method is-config="true" signature="createACmethod()[pri:0, instance:com.Vtiger.ContactTest.ToCreateContactTest@35dab4eb]" started-at="2024-05-19T13:35:53 IST" name="createACmethod" finished-at="2024-05-19T13:35:53 IST" duration-ms="507" status="PASS">
          <reporter-output>
          </reporter-output>
        </test-method> <!-- createACmethod -->
      </class> <!-- com.Vtiger.ContactTest.ToCreateContactTest -->
    </test> <!-- ChromeTest -->
    <test started-at="2024-05-19T13:35:04 IST" name="EdgeTest" finished-at="2024-05-19T13:38:24 IST" duration-ms="199964">
      <class name="com.Vtiger.OrgTest.ToCreateOrgTest">
        <test-method is-config="true" signature="createBCmethod(java.lang.String)[pri:0, instance:com.Vtiger.OrgTest.ToCreateOrgTest@548a24a]" started-at="2024-05-19T13:35:55 IST" name="createBCmethod" finished-at="2024-05-19T13:36:00 IST" duration-ms="4551" status="PASS">
          <params>
            <param index="0">
              <value>
                <![CDATA[edge]]>
              </value>
            </param>
          </params>
          <reporter-output>
          </reporter-output>
        </test-method> <!-- createBCmethod -->
        <test-method is-config="true" signature="createBMmethod()[pri:0, instance:com.Vtiger.OrgTest.ToCreateOrgTest@548a24a]" started-at="2024-05-19T13:36:00 IST" name="createBMmethod" finished-at="2024-05-19T13:36:11 IST" duration-ms="11542" status="PASS">
          <reporter-output>
          </reporter-output>
        </test-method> <!-- createBMmethod -->
        <test-method signature="CreateOrgTest()[pri:0, instance:com.Vtiger.OrgTest.ToCreateOrgTest@548a24a]" started-at="2024-05-19T13:36:11 IST" name="CreateOrgTest" finished-at="2024-05-19T13:36:38 IST" duration-ms="26652" status="PASS">
          <reporter-output>
          </reporter-output>
        </test-method> <!-- CreateOrgTest -->
        <test-method is-config="true" signature="createAMmethod()[pri:0, instance:com.Vtiger.OrgTest.ToCreateOrgTest@548a24a]" started-at="2024-05-19T13:36:38 IST" name="createAMmethod" finished-at="2024-05-19T13:36:41 IST" duration-ms="3403" status="PASS">
          <reporter-output>
          </reporter-output>
        </test-method> <!-- createAMmethod -->
        <test-method is-config="true" signature="createACmethod()[pri:0, instance:com.Vtiger.OrgTest.ToCreateOrgTest@548a24a]" started-at="2024-05-19T13:36:41 IST" name="createACmethod" finished-at="2024-05-19T13:36:42 IST" duration-ms="627" status="PASS">
          <reporter-output>
          </reporter-output>
        </test-method> <!-- createACmethod -->
      </class> <!-- com.Vtiger.OrgTest.ToCreateOrgTest -->
      <class name="com.Vtiger.OrgTest.CreateOrgWithIndustryAndTypeDropdownTest">
        <test-method is-config="true" signature="createBSmethod()[pri:0, instance:com.Vtiger.OrgTest.CreateOrgWithIndustryAndTypeDropdownTest@6f10d5b6]" started-at="2024-05-19T13:35:03 IST" name="createBSmethod" finished-at="2024-05-19T13:35:04 IST" duration-ms="727" status="PASS">
          <reporter-output>
          </reporter-output>
        </test-method> <!-- createBSmethod -->
        <test-method is-config="true" signature="createBCmethod(java.lang.String)[pri:0, instance:com.Vtiger.OrgTest.CreateOrgWithIndustryAndTypeDropdownTest@6f10d5b6]" started-at="2024-05-19T13:35:04 IST" name="createBCmethod" finished-at="2024-05-19T13:35:11 IST" duration-ms="7110" status="PASS">
          <params>
            <param index="0">
              <value>
                <![CDATA[edge]]>
              </value>
            </param>
          </params>
          <reporter-output>
          </reporter-output>
        </test-method> <!-- createBCmethod -->
        <test-method is-config="true" signature="createBMmethod()[pri:0, instance:com.Vtiger.OrgTest.CreateOrgWithIndustryAndTypeDropdownTest@6f10d5b6]" started-at="2024-05-19T13:35:11 IST" name="createBMmethod" finished-at="2024-05-19T13:35:20 IST" duration-ms="9217" status="PASS">
          <reporter-output>
          </reporter-output>
        </test-method> <!-- createBMmethod -->
        <test-method signature="orgWithIndustryAndTypeDropdown()[pri:0, instance:com.Vtiger.OrgTest.CreateOrgWithIndustryAndTypeDropdownTest@6f10d5b6]" started-at="2024-05-19T13:35:20 IST" name="orgWithIndustryAndTypeDropdown" finished-at="2024-05-19T13:35:51 IST" duration-ms="30719" status="PASS">
          <reporter-output>
          </reporter-output>
        </test-method> <!-- orgWithIndustryAndTypeDropdown -->
        <test-method is-config="true" signature="createAMmethod()[pri:0, instance:com.Vtiger.OrgTest.CreateOrgWithIndustryAndTypeDropdownTest@6f10d5b6]" started-at="2024-05-19T13:35:51 IST" name="createAMmethod" finished-at="2024-05-19T13:35:55 IST" duration-ms="3358" status="PASS">
          <reporter-output>
          </reporter-output>
        </test-method> <!-- createAMmethod -->
        <test-method is-config="true" signature="createACmethod()[pri:0, instance:com.Vtiger.OrgTest.CreateOrgWithIndustryAndTypeDropdownTest@6f10d5b6]" started-at="2024-05-19T13:35:55 IST" name="createACmethod" finished-at="2024-05-19T13:35:55 IST" duration-ms="567" status="PASS">
          <reporter-output>
          </reporter-output>
        </test-method> <!-- createACmethod -->
        <test-method is-config="true" signature="createAsmethod()[pri:0, instance:com.Vtiger.OrgTest.CreateOrgWithIndustryAndTypeDropdownTest@6f10d5b6]" started-at="2024-05-19T13:38:24 IST" name="createAsmethod" finished-at="2024-05-19T13:38:24 IST" duration-ms="17" status="PASS">
          <reporter-output>
          </reporter-output>
        </test-method> <!-- createAsmethod -->
      </class> <!-- com.Vtiger.OrgTest.CreateOrgWithIndustryAndTypeDropdownTest -->
      <class name="com.Vtiger.OrgTest.ToDeleteOrgTest">
        <test-method is-config="true" signature="createBCmethod(java.lang.String)[pri:0, instance:com.Vtiger.OrgTest.ToDeleteOrgTest@2a693f59]" started-at="2024-05-19T13:37:31 IST" name="createBCmethod" finished-at="2024-05-19T13:37:35 IST" duration-ms="3330" status="PASS">
          <params>
            <param index="0">
              <value>
                <![CDATA[edge]]>
              </value>
            </param>
          </params>
          <reporter-output>
          </reporter-output>
        </test-method> <!-- createBCmethod -->
        <test-method is-config="true" signature="createBMmethod()[pri:0, instance:com.Vtiger.OrgTest.ToDeleteOrgTest@2a693f59]" started-at="2024-05-19T13:37:35 IST" name="createBMmethod" finished-at="2024-05-19T13:37:44 IST" duration-ms="9428" status="PASS">
          <reporter-output>
          </reporter-output>
        </test-method> <!-- createBMmethod -->
        <test-method signature="DeleteOrgTest()[pri:0, instance:com.Vtiger.OrgTest.ToDeleteOrgTest@2a693f59]" started-at="2024-05-19T13:37:44 IST" name="DeleteOrgTest" finished-at="2024-05-19T13:38:20 IST" duration-ms="35682" status="PASS">
          <reporter-output>
          </reporter-output>
        </test-method> <!-- DeleteOrgTest -->
        <test-method is-config="true" signature="createAMmethod()[pri:0, instance:com.Vtiger.OrgTest.ToDeleteOrgTest@2a693f59]" started-at="2024-05-19T13:38:20 IST" name="createAMmethod" finished-at="2024-05-19T13:38:24 IST" duration-ms="3799" status="PASS">
          <reporter-output>
          </reporter-output>
        </test-method> <!-- createAMmethod -->
        <test-method is-config="true" signature="createACmethod()[pri:0, instance:com.Vtiger.OrgTest.ToDeleteOrgTest@2a693f59]" started-at="2024-05-19T13:38:24 IST" name="createACmethod" finished-at="2024-05-19T13:38:24 IST" duration-ms="497" status="PASS">
          <reporter-output>
          </reporter-output>
        </test-method> <!-- createACmethod -->
      </class> <!-- com.Vtiger.OrgTest.ToDeleteOrgTest -->
      <class name="com.Vtiger.OrgTest.CreateOrgWithPhonenumberTest">
        <test-method is-config="true" signature="createBCmethod(java.lang.String)[pri:0, instance:com.Vtiger.OrgTest.CreateOrgWithPhonenumberTest@433defed]" started-at="2024-05-19T13:36:42 IST" name="createBCmethod" finished-at="2024-05-19T13:36:46 IST" duration-ms="3728" status="PASS">
          <params>
            <param index="0">
              <value>
                <![CDATA[edge]]>
              </value>
            </param>
          </params>
          <reporter-output>
          </reporter-output>
        </test-method> <!-- createBCmethod -->
        <test-method is-config="true" signature="createBMmethod()[pri:0, instance:com.Vtiger.OrgTest.CreateOrgWithPhonenumberTest@433defed]" started-at="2024-05-19T13:36:46 IST" name="createBMmethod" finished-at="2024-05-19T13:36:56 IST" duration-ms="10042" status="PASS">
          <reporter-output>
          </reporter-output>
        </test-method> <!-- createBMmethod -->
        <test-method signature="createOrgWithPhoneNumber()[pri:0, instance:com.Vtiger.OrgTest.CreateOrgWithPhonenumberTest@433defed]" started-at="2024-05-19T13:36:56 IST" name="createOrgWithPhoneNumber" finished-at="2024-05-19T13:37:27 IST" duration-ms="31495" status="PASS">
          <reporter-output>
          </reporter-output>
        </test-method> <!-- createOrgWithPhoneNumber -->
        <test-method is-config="true" signature="createAMmethod()[pri:0, instance:com.Vtiger.OrgTest.CreateOrgWithPhonenumberTest@433defed]" started-at="2024-05-19T13:37:27 IST" name="createAMmethod" finished-at="2024-05-19T13:37:31 IST" duration-ms="3543" status="PASS">
          <reporter-output>
          </reporter-output>
        </test-method> <!-- createAMmethod -->
        <test-method is-config="true" signature="createACmethod()[pri:0, instance:com.Vtiger.OrgTest.CreateOrgWithPhonenumberTest@433defed]" started-at="2024-05-19T13:37:31 IST" name="createACmethod" finished-at="2024-05-19T13:37:31 IST" duration-ms="566" status="PASS">
          <reporter-output>
          </reporter-output>
        </test-method> <!-- createACmethod -->
      </class> <!-- com.Vtiger.OrgTest.CreateOrgWithPhonenumberTest -->
    </test> <!-- EdgeTest -->
  </suite> <!-- Suite -->
</testng-results>
