<?xml version="1.0" encoding="UTF-8"?>
<!-- Generated by org.testng.reporters.JUnitXMLReporter -->
<testsuite ignored="4" hostname="DESKTOP-JOQNLEJ" failures="0" tests="3" name="ChromeTest" time="178.201" errors="0" timestamp="2024-05-19T13:38:02 IST">
  <testcase classname="com.Vtiger.ContactTest.ToCreateContactTest" name="createContact" time="29.514"/>
  <testcase classname="com.Vtiger.ContactTest.CreateContactWithSupportDateTest" name="createContactWithSupportDateTest" time="32.465"/>
  <testcase classname="com.Vtiger.ContactTest.CreateContactWithOrgTest" name="createContactWithOrgTest" time="59.967"/>
  <testcase classname="com.Vtiger.BaseClass.BaseClass" name="@BeforeSuite createBSmethod" time="0.0">
    <ignored/>
  </testcase> <!-- @BeforeSuite createBSmethod -->
  <testcase classname="com.Vtiger.BaseClass.BaseClass" name="@AfterSuite createAsmethod" time="0.0">
    <ignored/>
  </testcase> <!-- @AfterSuite createAsmethod -->
  <testcase classname="com.Vtiger.BaseClass.BaseClass" name="@AfterSuite createAsmethod" time="0.0">
    <ignored/>
  </testcase> <!-- @AfterSuite createAsmethod -->
  <testcase classname="com.Vtiger.BaseClass.BaseClass" name="@BeforeSuite createBSmethod" time="0.0">
    <ignored/>
  </testcase> <!-- @BeforeSuite createBSmethod -->
</testsuite> <!-- ChromeTest -->
