<?xml version="1.0" encoding="UTF-8"?>
<!-- Generated by org.testng.reporters.JUnitXMLReporter -->
<testsuite ignored="4" hostname="DESKTOP-JOQNLEJ" failures="0" tests="3" name="Test1" time="26.832" errors="0" timestamp="2024-05-15T12:48:49 IST">
  <testcase classname="com.Vtiger.OrgTest.ToCreateOrgTest" name="CreateOrgTest" time="8.28"/>
  <testcase classname="com.Vtiger.OrgTest.ToDeleteOrgTest" name="DeleteOrgTest" time="14.797"/>
  <testcase classname="com.Vtiger.OrgTest.CreateOrgWithPhonenumberTest" name="createOrgWithPhoneNumber" time="7.575"/>
  <testcase classname="com.Vtiger.BaseClass.BaseClass" name="@BeforeSuite createBSmethod" time="0.0">
    <ignored/>
  </testcase> <!-- @BeforeSuite createBSmethod -->
  <testcase classname="com.Vtiger.BaseClass.BaseClass" name="@AfterSuite createAsmethod" time="0.0">
    <ignored/>
  </testcase> <!-- @AfterSuite createAsmethod -->
  <testcase classname="com.Vtiger.BaseClass.BaseClass" name="@BeforeSuite createBSmethod" time="0.0">
    <ignored/>
  </testcase> <!-- @BeforeSuite createBSmethod -->
  <testcase classname="com.Vtiger.BaseClass.BaseClass" name="@AfterSuite createAsmethod" time="0.0">
    <ignored/>
  </testcase> <!-- @AfterSuite createAsmethod -->
</testsuite> <!-- Test1 -->
