<?xml version="1.0" encoding="UTF-8"?>
<!-- Generated by org.testng.reporters.JUnitXMLReporter -->
<testsuite ignored="4" hostname="DESKTOP-JOQNLEJ" failures="0" tests="3" name="TestRunner3" time="0.098" errors="0" timestamp="2024-05-14T09:37:01 IST">
  <testcase classname="com.Vtiger.OrgTest.CreateOrgWithPhonenumberTest" name="createOrgWithPhoneNumber" time="0.0">
    <skipped/>
  </testcase> <!-- createOrgWithPhoneNumber -->
  <testcase classname="com.Vtiger.OrgTest.ToDeleteOrgTest" name="DeleteOrgTest" time="0.001">
    <skipped/>
  </testcase> <!-- DeleteOrgTest -->
  <testcase classname="com.Vtiger.OrgTest.ToCreateOrgTest" name="CreateOrgTest" time="0.0">
    <skipped/>
  </testcase> <!-- CreateOrgTest -->
  <testcase classname="com.Vtiger.BaseClass.BaseClass" name="@AfterSuite createAsmethod" time="0.0">
    <ignored/>
  </testcase> <!-- @AfterSuite createAsmethod -->
  <testcase classname="com.Vtiger.BaseClass.BaseClass" name="@BeforeSuite createBSmethod" time="0.0">
    <ignored/>
  </testcase> <!-- @BeforeSuite createBSmethod -->
  <testcase classname="com.Vtiger.BaseClass.BaseClass" name="@BeforeSuite createBSmethod" time="0.0">
    <ignored/>
  </testcase> <!-- @BeforeSuite createBSmethod -->
  <testcase classname="com.Vtiger.BaseClass.BaseClass" name="@AfterSuite createAsmethod" time="0.0">
    <ignored/>
  </testcase> <!-- @AfterSuite createAsmethod -->
</testsuite> <!-- TestRunner3 -->
